<?xml version="1.0" encoding="utf-8"?><testsuites><testsuite name="pytest" errors="0" failures="0" skipped="0" tests="22" time="9.020" timestamp="2026-09-16T16:35:24.455802" hostname="WinPC"><testcase classname="tests.test_baselines" name="test_baseline_gradient_from_independent_af_definition[8.0]" time="0.016" /><testcase classname="tests.test_baselines" name="test_baseline_gradient_from_independent_af_definition[128.0]" time="0.007" /><testcase classname="tests.test_baselines" name="test_paired_consensus_gradient_against_independent_subproblems[8.0]" time="0.008" /><testcase classname="tests.test_baselines" name="test_paired_consensus_gradient_against_independent_subproblems[128.0]" time="0.009" /><testcase classname="tests.test_baselines" name="test_selected_cuda_prefix_records[admm]" time="0.715" /><testcase classname="tests.test_baselines" name="test_selected_cuda_prefix_records[aiso]" time="0.093" /><testcase classname="tests.test_baselines" name="test_selected_cuda_prefix_records[qgd]" time="0.079" /><testcase classname="tests.test_baselines" name="test_selected_cuda_prefix_records[consensus]" time="0.055" /><testcase classname="tests.test_baselines" name="test_selected_cuda_prefix_records[wavenet]" time="2.128" /><testcase classname="tests.test_baselines" name="test_selected_cuda_prefix_records[mal]" time="0.214" /><testcase classname="tests.test_correctness" name="test_af_against_independent_complex128_sums[13-ds0-ks0]" time="0.011" /><testcase classname="tests.test_correctness" name="test_af_against_independent_complex128_sums[17-ds1-ks1]" time="0.002" /><testcase classname="tests.test_correctness" name="test_analytic_gradient_vs_independent_autograd_and_directional_difference[8.0]" time="0.015" /><testcase classname="tests.test_correctness" name="test_analytic_gradient_vs_independent_autograd_and_directional_difference[128.0]" time="0.011" /><testcase classname="tests.test_correctness" name="test_preset_and_independent_cpu_recurrence" time="1.740" /><testcase classname="tests.test_correctness" name="test_fused_k1_k2_k3_against_independent_af_and_gradient[17-8.0]" time="0.604" /><testcase classname="tests.test_correctness" name="test_fused_k1_k2_k3_against_independent_af_and_gradient[17-128.0]" time="0.168" /><testcase classname="tests.test_correctness" name="test_fused_k1_k2_k3_against_independent_af_and_gradient[256-8.0]" time="0.183" /><testcase classname="tests.test_correctness" name="test_fused_k1_k2_k3_against_independent_af_and_gradient[256-128.0]" time="0.189" /><testcase classname="tests.test_correctness" name="test_projection_and_dual_including_zero_input" time="0.022" /><testcase classname="tests.test_correctness" name="test_graph_matches_eager_and_resets_state_for_new_input" time="0.124" /><testcase classname="tests.test_correctness" name="test_saved_af_figure_matches_independent_direct_sums" time="0.067" /></testsuite></testsuites>